<?xml version="1.0" encoding="UTF-8"?>
<!-- Generated by org.testng.reporters.JUnitReportReporter -->
<testsuite hostname="DESKTOP-S395I6J" failures="0" tests="2" name="appiumset._1_Appstart" time="37.896" errors="0" timestamp="2022-10-18T13:45:31 KST" skipped="0">
  <testcase classname="appiumset._1_Appstart" name="Appstart" time="19.089"/>
  <system-out/>
  <testcase classname="appiumset._1_Appstart" name="Appstart" time="18.807"/>
  <system-out/>
</testsuite> <!-- appiumset._1_Appstart -->
